This file contains any messages produced by compilers while
running configure, to aid debugging if configure makes a mistake.

It was created by libsrtp2 configure 2.2.0, which was
generated by GNU Autoconf 2.69.  Invocation command line was

  $ ./configure --prefix=/home/lym/XRTCServer/LYMSDK/lrtcserver/thirdpart/libsrtp/install

## --------- ##
## Platform. ##
## --------- ##

hostname = hcss-ecs-2927
uname -m = x86_64
uname -r = 4.18.0-348.7.1.el8_5.x86_64
uname -s = Linux
uname -v = #1 SMP Wed Dec 22 13:25:12 UTC 2021

/usr/bin/uname -p = x86_64
/bin/uname -X     = unknown

/bin/arch              = x86_64
/usr/bin/arch -k       = unknown
/usr/convex/getsysinfo = unknown
/usr/bin/hostinfo      = unknown
/bin/machine           = unknown
/usr/bin/oslevel       = unknown
/bin/universe          = unknown

PATH: /usr/local/sbin
PATH: /usr/local/bin
PATH: /usr/sbin
PATH: /usr/bin
PATH: /root/bin
PATH: /home/app/go/bin


## ----------- ##
## Core tests. ##
## ----------- ##

configure:2366: checking for gcc
configure:2382: found /usr/bin/gcc
configure:2393: result: gcc
configure:2622: checking for C compiler version
configure:2631: gcc --version >&5
gcc (GCC) 8.5.0 20210514 (Red Hat 8.5.0-4)
Copyright (C) 2018 Free Software Foundation, Inc.
This is free software; see the source for copying conditions.  There is NO
warranty; not even for MERCHANTABILITY or FITNESS FOR A PARTICULAR PURPOSE.

configure:2642: $? = 0
configure:2631: gcc -v >&5
Using built-in specs.
COLLECT_GCC=gcc
COLLECT_LTO_WRAPPER=/usr/libexec/gcc/x86_64-redhat-linux/8/lto-wrapper
OFFLOAD_TARGET_NAMES=nvptx-none
OFFLOAD_TARGET_DEFAULT=1
Target: x86_64-redhat-linux
Configured with: ../configure --enable-bootstrap --enable-languages=c,c++,fortran,lto --prefix=/usr --mandir=/usr/share/man --infodir=/usr/share/info --with-bugurl=http://bugzilla.redhat.com/bugzilla --enable-shared --enable-threads=posix --enable-checking=release --enable-multilib --with-system-zlib --enable-__cxa_atexit --disable-libunwind-exceptions --enable-gnu-unique-object --enable-linker-build-id --with-gcc-major-version-only --with-linker-hash-style=gnu --enable-plugin --enable-initfini-array --with-isl --disable-libmpx --enable-offload-targets=nvptx-none --without-cuda-driver --enable-gnu-indirect-function --enable-cet --with-tune=generic --with-arch_32=x86-64 --build=x86_64-redhat-linux
Thread model: posix
gcc version 8.5.0 20210514 (Red Hat 8.5.0-4) (GCC) 
configure:2642: $? = 0
configure:2631: gcc -V >&5
gcc: error: unrecognized command line option '-V'
gcc: fatal error: no input files
compilation terminated.
configure:2642: $? = 1
configure:2631: gcc -qversion >&5
gcc: error: unrecognized command line option '-qversion'; did you mean '--version'?
gcc: fatal error: no input files
compilation terminated.
configure:2642: $? = 1
configure:2662: checking whether the C compiler works
configure:2684: gcc    conftest.c  >&5
configure:2688: $? = 0
configure:2736: result: yes
configure:2739: checking for C compiler default output file name
configure:2741: result: a.out
configure:2747: checking for suffix of executables
configure:2754: gcc -o conftest    conftest.c  >&5
configure:2758: $? = 0
configure:2780: result: 
configure:2802: checking whether we are cross compiling
configure:2810: gcc -o conftest    conftest.c  >&5
configure:2814: $? = 0
configure:2821: ./conftest
configure:2825: $? = 0
configure:2840: result: no
configure:2845: checking for suffix of object files
configure:2867: gcc -c   conftest.c >&5
configure:2871: $? = 0
configure:2892: result: o
configure:2896: checking whether we are using the GNU C compiler
configure:2915: gcc -c   conftest.c >&5
configure:2915: $? = 0
configure:2924: result: yes
configure:2933: checking whether gcc accepts -g
configure:2953: gcc -c -g  conftest.c >&5
configure:2953: $? = 0
configure:2994: result: yes
configure:3011: checking for gcc option to accept ISO C89
configure:3074: gcc  -c -g -O2  conftest.c >&5
configure:3074: $? = 0
configure:3087: result: none needed
configure:3112: checking how to run the C preprocessor
configure:3143: gcc -E  conftest.c
configure:3143: $? = 0
configure:3157: gcc -E  conftest.c
conftest.c:9:10: fatal error: ac_nonexistent.h: No such file or directory
 #include <ac_nonexistent.h>
          ^~~~~~~~~~~~~~~~~~
compilation terminated.
configure:3157: $? = 1
configure: failed program was:
| /* confdefs.h */
| #define PACKAGE_NAME "libsrtp2"
| #define PACKAGE_TARNAME "libsrtp2"
| #define PACKAGE_VERSION "2.2.0"
| #define PACKAGE_STRING "libsrtp2 2.2.0"
| #define PACKAGE_BUGREPORT "https://github.com/cisco/libsrtp/issues"
| #define PACKAGE_URL ""
| /* end confdefs.h.  */
| #include <ac_nonexistent.h>
configure:3182: result: gcc -E
configure:3202: gcc -E  conftest.c
configure:3202: $? = 0
configure:3216: gcc -E  conftest.c
conftest.c:9:10: fatal error: ac_nonexistent.h: No such file or directory
 #include <ac_nonexistent.h>
          ^~~~~~~~~~~~~~~~~~
compilation terminated.
configure:3216: $? = 1
configure: failed program was:
| /* confdefs.h */
| #define PACKAGE_NAME "libsrtp2"
| #define PACKAGE_TARNAME "libsrtp2"
| #define PACKAGE_VERSION "2.2.0"
| #define PACKAGE_STRING "libsrtp2 2.2.0"
| #define PACKAGE_BUGREPORT "https://github.com/cisco/libsrtp/issues"
| #define PACKAGE_URL ""
| /* end confdefs.h.  */
| #include <ac_nonexistent.h>
configure:3327: checking for ar
configure:3343: found /usr/bin/ar
configure:3354: result: ar
configure:3380: checking the archiver (ar) interface
configure:3396: gcc -c -g -O2  conftest.c >&5
configure:3396: $? = 0
configure:3398: ar cru libconftest.a conftest.o >&5
configure:3401: $? = 0
configure:3429: result: ar
configure:3492: checking for ranlib
configure:3508: found /usr/bin/ranlib
configure:3519: result: ranlib
configure:3555: checking for a BSD-compatible install
configure:3623: result: /usr/bin/install -c
configure:3634: checking for a sed that does not truncate output
configure:3698: result: /usr/bin/sed
configure:3705: checking for grep that handles long lines and -e
configure:3763: result: /usr/bin/grep
configure:3768: checking for egrep
configure:3830: result: /usr/bin/grep -E
configure:3835: checking for ANSI C header files
configure:3855: gcc -c -g -O2  conftest.c >&5
configure:3855: $? = 0
configure:3928: gcc -o conftest -g -O2   conftest.c  >&5
configure:3928: $? = 0
configure:3928: ./conftest
configure:3928: $? = 0
configure:3939: result: yes
configure:3952: checking for sys/types.h
configure:3952: gcc -c -g -O2  conftest.c >&5
configure:3952: $? = 0
configure:3952: result: yes
configure:3952: checking for sys/stat.h
configure:3952: gcc -c -g -O2  conftest.c >&5
configure:3952: $? = 0
configure:3952: result: yes
configure:3952: checking for stdlib.h
configure:3952: gcc -c -g -O2  conftest.c >&5
configure:3952: $? = 0
configure:3952: result: yes
configure:3952: checking for string.h
configure:3952: gcc -c -g -O2  conftest.c >&5
configure:3952: $? = 0
configure:3952: result: yes
configure:3952: checking for memory.h
configure:3952: gcc -c -g -O2  conftest.c >&5
configure:3952: $? = 0
configure:3952: result: yes
configure:3952: checking for strings.h
configure:3952: gcc -c -g -O2  conftest.c >&5
configure:3952: $? = 0
configure:3952: result: yes
configure:3952: checking for inttypes.h
configure:3952: gcc -c -g -O2  conftest.c >&5
configure:3952: $? = 0
configure:3952: result: yes
configure:3952: checking for stdint.h
configure:3952: gcc -c -g -O2  conftest.c >&5
configure:3952: $? = 0
configure:3952: result: yes
configure:3952: checking for unistd.h
configure:3952: gcc -c -g -O2  conftest.c >&5
configure:3952: $? = 0
configure:3952: result: yes
configure:3964: checking whether byte ordering is bigendian
configure:3979: gcc -c -g -O2  conftest.c >&5
conftest.c:20:9: error: unknown type name 'not'
         not a universal capable compiler
         ^~~
conftest.c:20:15: error: expected '=', ',', ';', 'asm' or '__attribute__' before 'universal'
         not a universal capable compiler
               ^~~~~~~~~
conftest.c:20:15: error: unknown type name 'universal'
configure:3979: $? = 1
configure: failed program was:
| /* confdefs.h */
| #define PACKAGE_NAME "libsrtp2"
| #define PACKAGE_TARNAME "libsrtp2"
| #define PACKAGE_VERSION "2.2.0"
| #define PACKAGE_STRING "libsrtp2 2.2.0"
| #define PACKAGE_BUGREPORT "https://github.com/cisco/libsrtp/issues"
| #define PACKAGE_URL ""
| #define STDC_HEADERS 1
| #define HAVE_SYS_TYPES_H 1
| #define HAVE_SYS_STAT_H 1
| #define HAVE_STDLIB_H 1
| #define HAVE_STRING_H 1
| #define HAVE_MEMORY_H 1
| #define HAVE_STRINGS_H 1
| #define HAVE_INTTYPES_H 1
| #define HAVE_STDINT_H 1
| #define HAVE_UNISTD_H 1
| /* end confdefs.h.  */
| #ifndef __APPLE_CC__
| 	       not a universal capable compiler
| 	     #endif
| 	     typedef int dummy;
| 
configure:4024: gcc -c -g -O2  conftest.c >&5
configure:4024: $? = 0
configure:4042: gcc -c -g -O2  conftest.c >&5
conftest.c: In function 'main':
conftest.c:26:4: error: unknown type name 'not'; did you mean 'ino_t'?
    not big endian
    ^~~
    ino_t
conftest.c:26:12: error: expected '=', ',', ';', 'asm' or '__attribute__' before 'endian'
    not big endian
            ^~~~~~
configure:4042: $? = 1
configure: failed program was:
| /* confdefs.h */
| #define PACKAGE_NAME "libsrtp2"
| #define PACKAGE_TARNAME "libsrtp2"
| #define PACKAGE_VERSION "2.2.0"
| #define PACKAGE_STRING "libsrtp2 2.2.0"
| #define PACKAGE_BUGREPORT "https://github.com/cisco/libsrtp/issues"
| #define PACKAGE_URL ""
| #define STDC_HEADERS 1
| #define HAVE_SYS_TYPES_H 1
| #define HAVE_SYS_STAT_H 1
| #define HAVE_STDLIB_H 1
| #define HAVE_STRING_H 1
| #define HAVE_MEMORY_H 1
| #define HAVE_STRINGS_H 1
| #define HAVE_INTTYPES_H 1
| #define HAVE_STDINT_H 1
| #define HAVE_UNISTD_H 1
| /* end confdefs.h.  */
| #include <sys/types.h>
| 		#include <sys/param.h>
| 
| int
| main ()
| {
| #if BYTE_ORDER != BIG_ENDIAN
| 		 not big endian
| 		#endif
| 
|   ;
|   return 0;
| }
configure:4170: result: no
configure:4193: checking build system type
configure:4207: result: x86_64-pc-linux-gnu
configure:4227: checking host system type
configure:4240: result: x86_64-pc-linux-gnu
configure:4295: checking whether gcc accepts -Werror
configure:4307: gcc -c -g -O2 -Werror  conftest.c >&5
configure:4307: $? = 0
configure:4309: result: yes
configure:4320: checking whether gcc accepts -fPIC
configure:4332: gcc -c -g -O2 -Werror -fPIC  conftest.c >&5
configure:4332: $? = 0
configure:4338: result: yes
configure:4349: checking whether gcc accepts -Wall
configure:4361: gcc -c -g -O2 -Werror -fPIC -Wall  conftest.c >&5
configure:4361: $? = 0
configure:4367: result: yes
configure:4349: checking whether gcc accepts -pedantic
configure:4361: gcc -c -g -O2 -Werror -fPIC -Wall -pedantic  conftest.c >&5
configure:4361: $? = 0
configure:4367: result: yes
configure:4349: checking whether gcc accepts -Wstrict-prototypes
configure:4361: gcc -c -g -O2 -Werror -fPIC -Wall -pedantic -Wstrict-prototypes  conftest.c >&5
configure:4361: $? = 0
configure:4367: result: yes
configure:4380: checking whether gcc accepts -O4
configure:4392: gcc -c -g -O2 -Werror -fPIC -Wall -pedantic -Wstrict-prototypes -O4  conftest.c >&5
configure:4392: $? = 0
configure:4399: result: yes
configure:4411: checking whether gcc accepts -fexpensive-optimizations
configure:4423: gcc -c -g -O2 -Werror -fPIC -Wall -pedantic -Wstrict-prototypes -O4 -fexpensive-optimizations  conftest.c >&5
configure:4423: $? = 0
configure:4429: result: yes
configure:4411: checking whether gcc accepts -funroll-loops
configure:4423: gcc -c -g -O2 -Werror -fPIC -Wall -pedantic -Wstrict-prototypes -O4 -fexpensive-optimizations -funroll-loops  conftest.c >&5
configure:4423: $? = 0
configure:4429: result: yes
configure:4441: checking whether gcc accepts -Wno-language-extension-token
configure:4454: gcc -c -g -O2 -Werror -fPIC -Wall -pedantic -Wstrict-prototypes -O4 -fexpensive-optimizations -funroll-loops -Wlanguage-extension-token  conftest.c >&5
gcc: error: unrecognized command line option '-Wlanguage-extension-token'
configure:4454: $? = 1
configure: failed program was:
| /* confdefs.h */
| #define PACKAGE_NAME "libsrtp2"
| #define PACKAGE_TARNAME "libsrtp2"
| #define PACKAGE_VERSION "2.2.0"
| #define PACKAGE_STRING "libsrtp2 2.2.0"
| #define PACKAGE_BUGREPORT "https://github.com/cisco/libsrtp/issues"
| #define PACKAGE_URL ""
| #define STDC_HEADERS 1
| #define HAVE_SYS_TYPES_H 1
| #define HAVE_SYS_STAT_H 1
| #define HAVE_STDLIB_H 1
| #define HAVE_STRING_H 1
| #define HAVE_MEMORY_H 1
| #define HAVE_STRINGS_H 1
| #define HAVE_INTTYPES_H 1
| #define HAVE_STDINT_H 1
| #define HAVE_UNISTD_H 1
| #define CPU_CISC 1
| #define HAVE_X86 1
| /* end confdefs.h.  */
| int main(void) { return 0; }
configure:4464: result: no
configure:4472: checking for ANSI C header files
configure:4576: result: yes
configure:4587: checking for unistd.h
configure:4587: result: yes
configure:4587: checking for byteswap.h
configure:4587: gcc -c -fPIC -Wall -pedantic -Wstrict-prototypes -O4 -fexpensive-optimizations -funroll-loops  conftest.c >&5
configure:4587: $? = 0
configure:4587: result: yes
configure:4587: checking for stdint.h
configure:4587: result: yes
configure:4587: checking for sys/uio.h
configure:4587: gcc -c -fPIC -Wall -pedantic -Wstrict-prototypes -O4 -fexpensive-optimizations -funroll-loops  conftest.c >&5
configure:4587: $? = 0
configure:4587: result: yes
configure:4587: checking for inttypes.h
configure:4587: result: yes
configure:4587: checking for sys/types.h
configure:4587: result: yes
configure:4587: checking for machine/types.h
configure:4587: gcc -c -fPIC -Wall -pedantic -Wstrict-prototypes -O4 -fexpensive-optimizations -funroll-loops  conftest.c >&5
conftest.c:62:10: fatal error: machine/types.h: No such file or directory
 #include <machine/types.h>
          ^~~~~~~~~~~~~~~~~
compilation terminated.
configure:4587: $? = 1
configure: failed program was:
| /* confdefs.h */
| #define PACKAGE_NAME "libsrtp2"
| #define PACKAGE_TARNAME "libsrtp2"
| #define PACKAGE_VERSION "2.2.0"
| #define PACKAGE_STRING "libsrtp2 2.2.0"
| #define PACKAGE_BUGREPORT "https://github.com/cisco/libsrtp/issues"
| #define PACKAGE_URL ""
| #define STDC_HEADERS 1
| #define HAVE_SYS_TYPES_H 1
| #define HAVE_SYS_STAT_H 1
| #define HAVE_STDLIB_H 1
| #define HAVE_STRING_H 1
| #define HAVE_MEMORY_H 1
| #define HAVE_STRINGS_H 1
| #define HAVE_INTTYPES_H 1
| #define HAVE_STDINT_H 1
| #define HAVE_UNISTD_H 1
| #define CPU_CISC 1
| #define HAVE_X86 1
| #define STDC_HEADERS 1
| #define HAVE_UNISTD_H 1
| #define HAVE_BYTESWAP_H 1
| #define HAVE_STDINT_H 1
| #define HAVE_SYS_UIO_H 1
| #define HAVE_INTTYPES_H 1
| #define HAVE_SYS_TYPES_H 1
| /* end confdefs.h.  */
| #include <stdio.h>
| #ifdef HAVE_SYS_TYPES_H
| # include <sys/types.h>
| #endif
| #ifdef HAVE_SYS_STAT_H
| # include <sys/stat.h>
| #endif
| #ifdef STDC_HEADERS
| # include <stdlib.h>
| # include <stddef.h>
| #else
| # ifdef HAVE_STDLIB_H
| #  include <stdlib.h>
| # endif
| #endif
| #ifdef HAVE_STRING_H
| # if !defined STDC_HEADERS && defined HAVE_MEMORY_H
| #  include <memory.h>
| # endif
| # include <string.h>
| #endif
| #ifdef HAVE_STRINGS_H
| # include <strings.h>
| #endif
| #ifdef HAVE_INTTYPES_H
| # include <inttypes.h>
| #endif
| #ifdef HAVE_STDINT_H
| # include <stdint.h>
| #endif
| #ifdef HAVE_UNISTD_H
| # include <unistd.h>
| #endif
| 
| #include <machine/types.h>
configure:4587: result: no
configure:4587: checking for sys/int_types.h
configure:4587: gcc -c -fPIC -Wall -pedantic -Wstrict-prototypes -O4 -fexpensive-optimizations -funroll-loops  conftest.c >&5
conftest.c:62:10: fatal error: sys/int_types.h: No such file or directory
 #include <sys/int_types.h>
          ^~~~~~~~~~~~~~~~~
compilation terminated.
configure:4587: $? = 1
configure: failed program was:
| /* confdefs.h */
| #define PACKAGE_NAME "libsrtp2"
| #define PACKAGE_TARNAME "libsrtp2"
| #define PACKAGE_VERSION "2.2.0"
| #define PACKAGE_STRING "libsrtp2 2.2.0"
| #define PACKAGE_BUGREPORT "https://github.com/cisco/libsrtp/issues"
| #define PACKAGE_URL ""
| #define STDC_HEADERS 1
| #define HAVE_SYS_TYPES_H 1
| #define HAVE_SYS_STAT_H 1
| #define HAVE_STDLIB_H 1
| #define HAVE_STRING_H 1
| #define HAVE_MEMORY_H 1
| #define HAVE_STRINGS_H 1
| #define HAVE_INTTYPES_H 1
| #define HAVE_STDINT_H 1
| #define HAVE_UNISTD_H 1
| #define CPU_CISC 1
| #define HAVE_X86 1
| #define STDC_HEADERS 1
| #define HAVE_UNISTD_H 1
| #define HAVE_BYTESWAP_H 1
| #define HAVE_STDINT_H 1
| #define HAVE_SYS_UIO_H 1
| #define HAVE_INTTYPES_H 1
| #define HAVE_SYS_TYPES_H 1
| /* end confdefs.h.  */
| #include <stdio.h>
| #ifdef HAVE_SYS_TYPES_H
| # include <sys/types.h>
| #endif
| #ifdef HAVE_SYS_STAT_H
| # include <sys/stat.h>
| #endif
| #ifdef STDC_HEADERS
| # include <stdlib.h>
| # include <stddef.h>
| #else
| # ifdef HAVE_STDLIB_H
| #  include <stdlib.h>
| # endif
| #endif
| #ifdef HAVE_STRING_H
| # if !defined STDC_HEADERS && defined HAVE_MEMORY_H
| #  include <memory.h>
| # endif
| # include <string.h>
| #endif
| #ifdef HAVE_STRINGS_H
| # include <strings.h>
| #endif
| #ifdef HAVE_INTTYPES_H
| # include <inttypes.h>
| #endif
| #ifdef HAVE_STDINT_H
| # include <stdint.h>
| #endif
| #ifdef HAVE_UNISTD_H
| # include <unistd.h>
| #endif
| 
| #include <sys/int_types.h>
configure:4587: result: no
configure:4602: checking for sys/socket.h
configure:4602: gcc -c -fPIC -Wall -pedantic -Wstrict-prototypes -O4 -fexpensive-optimizations -funroll-loops  conftest.c >&5
configure:4602: $? = 0
configure:4602: result: yes
configure:4602: checking for netinet/in.h
configure:4602: gcc -c -fPIC -Wall -pedantic -Wstrict-prototypes -O4 -fexpensive-optimizations -funroll-loops  conftest.c >&5
configure:4602: $? = 0
configure:4602: result: yes
configure:4602: checking for arpa/inet.h
configure:4602: gcc -c -fPIC -Wall -pedantic -Wstrict-prototypes -O4 -fexpensive-optimizations -funroll-loops  conftest.c >&5
configure:4602: $? = 0
configure:4602: result: yes
configure:4615: checking for windows.h
configure:4615: gcc -c -fPIC -Wall -pedantic -Wstrict-prototypes -O4 -fexpensive-optimizations -funroll-loops  conftest.c >&5
conftest.c:65:10: fatal error: windows.h: No such file or directory
 #include <windows.h>
          ^~~~~~~~~~~
compilation terminated.
configure:4615: $? = 1
configure: failed program was:
| /* confdefs.h */
| #define PACKAGE_NAME "libsrtp2"
| #define PACKAGE_TARNAME "libsrtp2"
| #define PACKAGE_VERSION "2.2.0"
| #define PACKAGE_STRING "libsrtp2 2.2.0"
| #define PACKAGE_BUGREPORT "https://github.com/cisco/libsrtp/issues"
| #define PACKAGE_URL ""
| #define STDC_HEADERS 1
| #define HAVE_SYS_TYPES_H 1
| #define HAVE_SYS_STAT_H 1
| #define HAVE_STDLIB_H 1
| #define HAVE_STRING_H 1
| #define HAVE_MEMORY_H 1
| #define HAVE_STRINGS_H 1
| #define HAVE_INTTYPES_H 1
| #define HAVE_STDINT_H 1
| #define HAVE_UNISTD_H 1
| #define CPU_CISC 1
| #define HAVE_X86 1
| #define STDC_HEADERS 1
| #define HAVE_UNISTD_H 1
| #define HAVE_BYTESWAP_H 1
| #define HAVE_STDINT_H 1
| #define HAVE_SYS_UIO_H 1
| #define HAVE_INTTYPES_H 1
| #define HAVE_SYS_TYPES_H 1
| #define HAVE_SYS_SOCKET_H 1
| #define HAVE_NETINET_IN_H 1
| #define HAVE_ARPA_INET_H 1
| /* end confdefs.h.  */
| #include <stdio.h>
| #ifdef HAVE_SYS_TYPES_H
| # include <sys/types.h>
| #endif
| #ifdef HAVE_SYS_STAT_H
| # include <sys/stat.h>
| #endif
| #ifdef STDC_HEADERS
| # include <stdlib.h>
| # include <stddef.h>
| #else
| # ifdef HAVE_STDLIB_H
| #  include <stdlib.h>
| # endif
| #endif
| #ifdef HAVE_STRING_H
| # if !defined STDC_HEADERS && defined HAVE_MEMORY_H
| #  include <memory.h>
| # endif
| # include <string.h>
| #endif
| #ifdef HAVE_STRINGS_H
| # include <strings.h>
| #endif
| #ifdef HAVE_INTTYPES_H
| # include <inttypes.h>
| #endif
| #ifdef HAVE_STDINT_H
| # include <stdint.h>
| #endif
| #ifdef HAVE_UNISTD_H
| # include <unistd.h>
| #endif
| 
| #include <windows.h>
configure:4615: result: no
configure:4639: checking for int8_t
configure:4639: gcc -c -fPIC -Wall -pedantic -Wstrict-prototypes -O4 -fexpensive-optimizations -funroll-loops  conftest.c >&5
conftest.c:65:1: warning: function declaration isn't a prototype [-Wstrict-prototypes]
 main ()
 ^~~~
configure:4639: $? = 0
configure:4639: gcc -c -fPIC -Wall -pedantic -Wstrict-prototypes -O4 -fexpensive-optimizations -funroll-loops  conftest.c >&5
conftest.c:65:1: warning: function declaration isn't a prototype [-Wstrict-prototypes]
 main ()
 ^~~~
conftest.c: In function 'main':
conftest.c:67:21: error: expected expression before ')' token
 if (sizeof ((int8_t)))
                     ^
configure:4639: $? = 1
configure: failed program was:
| /* confdefs.h */
| #define PACKAGE_NAME "libsrtp2"
| #define PACKAGE_TARNAME "libsrtp2"
| #define PACKAGE_VERSION "2.2.0"
| #define PACKAGE_STRING "libsrtp2 2.2.0"
| #define PACKAGE_BUGREPORT "https://github.com/cisco/libsrtp/issues"
| #define PACKAGE_URL ""
| #define STDC_HEADERS 1
| #define HAVE_SYS_TYPES_H 1
| #define HAVE_SYS_STAT_H 1
| #define HAVE_STDLIB_H 1
| #define HAVE_STRING_H 1
| #define HAVE_MEMORY_H 1
| #define HAVE_STRINGS_H 1
| #define HAVE_INTTYPES_H 1
| #define HAVE_STDINT_H 1
| #define HAVE_UNISTD_H 1
| #define CPU_CISC 1
| #define HAVE_X86 1
| #define STDC_HEADERS 1
| #define HAVE_UNISTD_H 1
| #define HAVE_BYTESWAP_H 1
| #define HAVE_STDINT_H 1
| #define HAVE_SYS_UIO_H 1
| #define HAVE_INTTYPES_H 1
| #define HAVE_SYS_TYPES_H 1
| #define HAVE_SYS_SOCKET_H 1
| #define HAVE_NETINET_IN_H 1
| #define HAVE_ARPA_INET_H 1
| /* end confdefs.h.  */
| #include <stdio.h>
| #ifdef HAVE_SYS_TYPES_H
| # include <sys/types.h>
| #endif
| #ifdef HAVE_SYS_STAT_H
| # include <sys/stat.h>
| #endif
| #ifdef STDC_HEADERS
| # include <stdlib.h>
| # include <stddef.h>
| #else
| # ifdef HAVE_STDLIB_H
| #  include <stdlib.h>
| # endif
| #endif
| #ifdef HAVE_STRING_H
| # if !defined STDC_HEADERS && defined HAVE_MEMORY_H
| #  include <memory.h>
| # endif
| # include <string.h>
| #endif
| #ifdef HAVE_STRINGS_H
| # include <strings.h>
| #endif
| #ifdef HAVE_INTTYPES_H
| # include <inttypes.h>
| #endif
| #ifdef HAVE_STDINT_H
| # include <stdint.h>
| #endif
| #ifdef HAVE_UNISTD_H
| # include <unistd.h>
| #endif
| int
| main ()
| {
| if (sizeof ((int8_t)))
| 	    return 0;
|   ;
|   return 0;
| }
configure:4639: result: yes
configure:4648: checking for uint8_t
configure:4648: gcc -c -fPIC -Wall -pedantic -Wstrict-prototypes -O4 -fexpensive-optimizations -funroll-loops  conftest.c >&5
conftest.c:66:1: warning: function declaration isn't a prototype [-Wstrict-prototypes]
 main ()
 ^~~~
configure:4648: $? = 0
configure:4648: gcc -c -fPIC -Wall -pedantic -Wstrict-prototypes -O4 -fexpensive-optimizations -funroll-loops  conftest.c >&5
conftest.c:66:1: warning: function declaration isn't a prototype [-Wstrict-prototypes]
 main ()
 ^~~~
conftest.c: In function 'main':
conftest.c:68:22: error: expected expression before ')' token
 if (sizeof ((uint8_t)))
                      ^
configure:4648: $? = 1
configure: failed program was:
| /* confdefs.h */
| #define PACKAGE_NAME "libsrtp2"
| #define PACKAGE_TARNAME "libsrtp2"
| #define PACKAGE_VERSION "2.2.0"
| #define PACKAGE_STRING "libsrtp2 2.2.0"
| #define PACKAGE_BUGREPORT "https://github.com/cisco/libsrtp/issues"
| #define PACKAGE_URL ""
| #define STDC_HEADERS 1
| #define HAVE_SYS_TYPES_H 1
| #define HAVE_SYS_STAT_H 1
| #define HAVE_STDLIB_H 1
| #define HAVE_STRING_H 1
| #define HAVE_MEMORY_H 1
| #define HAVE_STRINGS_H 1
| #define HAVE_INTTYPES_H 1
| #define HAVE_STDINT_H 1
| #define HAVE_UNISTD_H 1
| #define CPU_CISC 1
| #define HAVE_X86 1
| #define STDC_HEADERS 1
| #define HAVE_UNISTD_H 1
| #define HAVE_BYTESWAP_H 1
| #define HAVE_STDINT_H 1
| #define HAVE_SYS_UIO_H 1
| #define HAVE_INTTYPES_H 1
| #define HAVE_SYS_TYPES_H 1
| #define HAVE_SYS_SOCKET_H 1
| #define HAVE_NETINET_IN_H 1
| #define HAVE_ARPA_INET_H 1
| #define HAVE_INT8_T 1
| /* end confdefs.h.  */
| #include <stdio.h>
| #ifdef HAVE_SYS_TYPES_H
| # include <sys/types.h>
| #endif
| #ifdef HAVE_SYS_STAT_H
| # include <sys/stat.h>
| #endif
| #ifdef STDC_HEADERS
| # include <stdlib.h>
| # include <stddef.h>
| #else
| # ifdef HAVE_STDLIB_H
| #  include <stdlib.h>
| # endif
| #endif
| #ifdef HAVE_STRING_H
| # if !defined STDC_HEADERS && defined HAVE_MEMORY_H
| #  include <memory.h>
| # endif
| # include <string.h>
| #endif
| #ifdef HAVE_STRINGS_H
| # include <strings.h>
| #endif
| #ifdef HAVE_INTTYPES_H
| # include <inttypes.h>
| #endif
| #ifdef HAVE_STDINT_H
| # include <stdint.h>
| #endif
| #ifdef HAVE_UNISTD_H
| # include <unistd.h>
| #endif
| int
| main ()
| {
| if (sizeof ((uint8_t)))
| 	    return 0;
|   ;
|   return 0;
| }
configure:4648: result: yes
configure:4657: checking for int16_t
configure:4657: gcc -c -fPIC -Wall -pedantic -Wstrict-prototypes -O4 -fexpensive-optimizations -funroll-loops  conftest.c >&5
conftest.c:67:1: warning: function declaration isn't a prototype [-Wstrict-prototypes]
 main ()
 ^~~~
configure:4657: $? = 0
configure:4657: gcc -c -fPIC -Wall -pedantic -Wstrict-prototypes -O4 -fexpensive-optimizations -funroll-loops  conftest.c >&5
conftest.c:67:1: warning: function declaration isn't a prototype [-Wstrict-prototypes]
 main ()
 ^~~~
conftest.c: In function 'main':
conftest.c:69:22: error: expected expression before ')' token
 if (sizeof ((int16_t)))
                      ^
configure:4657: $? = 1
configure: failed program was:
| /* confdefs.h */
| #define PACKAGE_NAME "libsrtp2"
| #define PACKAGE_TARNAME "libsrtp2"
| #define PACKAGE_VERSION "2.2.0"
| #define PACKAGE_STRING "libsrtp2 2.2.0"
| #define PACKAGE_BUGREPORT "https://github.com/cisco/libsrtp/issues"
| #define PACKAGE_URL ""
| #define STDC_HEADERS 1
| #define HAVE_SYS_TYPES_H 1
| #define HAVE_SYS_STAT_H 1
| #define HAVE_STDLIB_H 1
| #define HAVE_STRING_H 1
| #define HAVE_MEMORY_H 1
| #define HAVE_STRINGS_H 1
| #define HAVE_INTTYPES_H 1
| #define HAVE_STDINT_H 1
| #define HAVE_UNISTD_H 1
| #define CPU_CISC 1
| #define HAVE_X86 1
| #define STDC_HEADERS 1
| #define HAVE_UNISTD_H 1
| #define HAVE_BYTESWAP_H 1
| #define HAVE_STDINT_H 1
| #define HAVE_SYS_UIO_H 1
| #define HAVE_INTTYPES_H 1
| #define HAVE_SYS_TYPES_H 1
| #define HAVE_SYS_SOCKET_H 1
| #define HAVE_NETINET_IN_H 1
| #define HAVE_ARPA_INET_H 1
| #define HAVE_INT8_T 1
| #define HAVE_UINT8_T 1
| /* end confdefs.h.  */
| #include <stdio.h>
| #ifdef HAVE_SYS_TYPES_H
| # include <sys/types.h>
| #endif
| #ifdef HAVE_SYS_STAT_H
| # include <sys/stat.h>
| #endif
| #ifdef STDC_HEADERS
| # include <stdlib.h>
| # include <stddef.h>
| #else
| # ifdef HAVE_STDLIB_H
| #  include <stdlib.h>
| # endif
| #endif
| #ifdef HAVE_STRING_H
| # if !defined STDC_HEADERS && defined HAVE_MEMORY_H
| #  include <memory.h>
| # endif
| # include <string.h>
| #endif
| #ifdef HAVE_STRINGS_H
| # include <strings.h>
| #endif
| #ifdef HAVE_INTTYPES_H
| # include <inttypes.h>
| #endif
| #ifdef HAVE_STDINT_H
| # include <stdint.h>
| #endif
| #ifdef HAVE_UNISTD_H
| # include <unistd.h>
| #endif
| int
| main ()
| {
| if (sizeof ((int16_t)))
| 	    return 0;
|   ;
|   return 0;
| }
configure:4657: result: yes
configure:4666: checking for uint16_t
configure:4666: gcc -c -fPIC -Wall -pedantic -Wstrict-prototypes -O4 -fexpensive-optimizations -funroll-loops  conftest.c >&5
conftest.c:68:1: warning: function declaration isn't a prototype [-Wstrict-prototypes]
 main ()
 ^~~~
configure:4666: $? = 0
configure:4666: gcc -c -fPIC -Wall -pedantic -Wstrict-prototypes -O4 -fexpensive-optimizations -funroll-loops  conftest.c >&5
conftest.c:68:1: warning: function declaration isn't a prototype [-Wstrict-prototypes]
 main ()
 ^~~~
conftest.c: In function 'main':
conftest.c:70:23: error: expected expression before ')' token
 if (sizeof ((uint16_t)))
                       ^
configure:4666: $? = 1
configure: failed program was:
| /* confdefs.h */
| #define PACKAGE_NAME "libsrtp2"
| #define PACKAGE_TARNAME "libsrtp2"
| #define PACKAGE_VERSION "2.2.0"
| #define PACKAGE_STRING "libsrtp2 2.2.0"
| #define PACKAGE_BUGREPORT "https://github.com/cisco/libsrtp/issues"
| #define PACKAGE_URL ""
| #define STDC_HEADERS 1
| #define HAVE_SYS_TYPES_H 1
| #define HAVE_SYS_STAT_H 1
| #define HAVE_STDLIB_H 1
| #define HAVE_STRING_H 1
| #define HAVE_MEMORY_H 1
| #define HAVE_STRINGS_H 1
| #define HAVE_INTTYPES_H 1
| #define HAVE_STDINT_H 1
| #define HAVE_UNISTD_H 1
| #define CPU_CISC 1
| #define HAVE_X86 1
| #define STDC_HEADERS 1
| #define HAVE_UNISTD_H 1
| #define HAVE_BYTESWAP_H 1
| #define HAVE_STDINT_H 1
| #define HAVE_SYS_UIO_H 1
| #define HAVE_INTTYPES_H 1
| #define HAVE_SYS_TYPES_H 1
| #define HAVE_SYS_SOCKET_H 1
| #define HAVE_NETINET_IN_H 1
| #define HAVE_ARPA_INET_H 1
| #define HAVE_INT8_T 1
| #define HAVE_UINT8_T 1
| #define HAVE_INT16_T 1
| /* end confdefs.h.  */
| #include <stdio.h>
| #ifdef HAVE_SYS_TYPES_H
| # include <sys/types.h>
| #endif
| #ifdef HAVE_SYS_STAT_H
| # include <sys/stat.h>
| #endif
| #ifdef STDC_HEADERS
| # include <stdlib.h>
| # include <stddef.h>
| #else
| # ifdef HAVE_STDLIB_H
| #  include <stdlib.h>
| # endif
| #endif
| #ifdef HAVE_STRING_H
| # if !defined STDC_HEADERS && defined HAVE_MEMORY_H
| #  include <memory.h>
| # endif
| # include <string.h>
| #endif
| #ifdef HAVE_STRINGS_H
| # include <strings.h>
| #endif
| #ifdef HAVE_INTTYPES_H
| # include <inttypes.h>
| #endif
| #ifdef HAVE_STDINT_H
| # include <stdint.h>
| #endif
| #ifdef HAVE_UNISTD_H
| # include <unistd.h>
| #endif
| int
| main ()
| {
| if (sizeof ((uint16_t)))
| 	    return 0;
|   ;
|   return 0;
| }
configure:4666: result: yes
configure:4675: checking for int32_t
configure:4675: gcc -c -fPIC -Wall -pedantic -Wstrict-prototypes -O4 -fexpensive-optimizations -funroll-loops  conftest.c >&5
conftest.c:69:1: warning: function declaration isn't a prototype [-Wstrict-prototypes]
 main ()
 ^~~~
configure:4675: $? = 0
configure:4675: gcc -c -fPIC -Wall -pedantic -Wstrict-prototypes -O4 -fexpensive-optimizations -funroll-loops  conftest.c >&5
conftest.c:69:1: warning: function declaration isn't a prototype [-Wstrict-prototypes]
 main ()
 ^~~~
conftest.c: In function 'main':
conftest.c:71:22: error: expected expression before ')' token
 if (sizeof ((int32_t)))
                      ^
configure:4675: $? = 1
configure: failed program was:
| /* confdefs.h */
| #define PACKAGE_NAME "libsrtp2"
| #define PACKAGE_TARNAME "libsrtp2"
| #define PACKAGE_VERSION "2.2.0"
| #define PACKAGE_STRING "libsrtp2 2.2.0"
| #define PACKAGE_BUGREPORT "https://github.com/cisco/libsrtp/issues"
| #define PACKAGE_URL ""
| #define STDC_HEADERS 1
| #define HAVE_SYS_TYPES_H 1
| #define HAVE_SYS_STAT_H 1
| #define HAVE_STDLIB_H 1
| #define HAVE_STRING_H 1
| #define HAVE_MEMORY_H 1
| #define HAVE_STRINGS_H 1
| #define HAVE_INTTYPES_H 1
| #define HAVE_STDINT_H 1
| #define HAVE_UNISTD_H 1
| #define CPU_CISC 1
| #define HAVE_X86 1
| #define STDC_HEADERS 1
| #define HAVE_UNISTD_H 1
| #define HAVE_BYTESWAP_H 1
| #define HAVE_STDINT_H 1
| #define HAVE_SYS_UIO_H 1
| #define HAVE_INTTYPES_H 1
| #define HAVE_SYS_TYPES_H 1
| #define HAVE_SYS_SOCKET_H 1
| #define HAVE_NETINET_IN_H 1
| #define HAVE_ARPA_INET_H 1
| #define HAVE_INT8_T 1
| #define HAVE_UINT8_T 1
| #define HAVE_INT16_T 1
| #define HAVE_UINT16_T 1
| /* end confdefs.h.  */
| #include <stdio.h>
| #ifdef HAVE_SYS_TYPES_H
| # include <sys/types.h>
| #endif
| #ifdef HAVE_SYS_STAT_H
| # include <sys/stat.h>
| #endif
| #ifdef STDC_HEADERS
| # include <stdlib.h>
| # include <stddef.h>
| #else
| # ifdef HAVE_STDLIB_H
| #  include <stdlib.h>
| # endif
| #endif
| #ifdef HAVE_STRING_H
| # if !defined STDC_HEADERS && defined HAVE_MEMORY_H
| #  include <memory.h>
| # endif
| # include <string.h>
| #endif
| #ifdef HAVE_STRINGS_H
| # include <strings.h>
| #endif
| #ifdef HAVE_INTTYPES_H
| # include <inttypes.h>
| #endif
| #ifdef HAVE_STDINT_H
| # include <stdint.h>
| #endif
| #ifdef HAVE_UNISTD_H
| # include <unistd.h>
| #endif
| int
| main ()
| {
| if (sizeof ((int32_t)))
| 	    return 0;
|   ;
|   return 0;
| }
configure:4675: result: yes
configure:4684: checking for uint32_t
configure:4684: gcc -c -fPIC -Wall -pedantic -Wstrict-prototypes -O4 -fexpensive-optimizations -funroll-loops  conftest.c >&5
conftest.c:70:1: warning: function declaration isn't a prototype [-Wstrict-prototypes]
 main ()
 ^~~~
configure:4684: $? = 0
configure:4684: gcc -c -fPIC -Wall -pedantic -Wstrict-prototypes -O4 -fexpensive-optimizations -funroll-loops  conftest.c >&5
conftest.c:70:1: warning: function declaration isn't a prototype [-Wstrict-prototypes]
 main ()
 ^~~~
conftest.c: In function 'main':
conftest.c:72:23: error: expected expression before ')' token
 if (sizeof ((uint32_t)))
                       ^
configure:4684: $? = 1
configure: failed program was:
| /* confdefs.h */
| #define PACKAGE_NAME "libsrtp2"
| #define PACKAGE_TARNAME "libsrtp2"
| #define PACKAGE_VERSION "2.2.0"
| #define PACKAGE_STRING "libsrtp2 2.2.0"
| #define PACKAGE_BUGREPORT "https://github.com/cisco/libsrtp/issues"
| #define PACKAGE_URL ""
| #define STDC_HEADERS 1
| #define HAVE_SYS_TYPES_H 1
| #define HAVE_SYS_STAT_H 1
| #define HAVE_STDLIB_H 1
| #define HAVE_STRING_H 1
| #define HAVE_MEMORY_H 1
| #define HAVE_STRINGS_H 1
| #define HAVE_INTTYPES_H 1
| #define HAVE_STDINT_H 1
| #define HAVE_UNISTD_H 1
| #define CPU_CISC 1
| #define HAVE_X86 1
| #define STDC_HEADERS 1
| #define HAVE_UNISTD_H 1
| #define HAVE_BYTESWAP_H 1
| #define HAVE_STDINT_H 1
| #define HAVE_SYS_UIO_H 1
| #define HAVE_INTTYPES_H 1
| #define HAVE_SYS_TYPES_H 1
| #define HAVE_SYS_SOCKET_H 1
| #define HAVE_NETINET_IN_H 1
| #define HAVE_ARPA_INET_H 1
| #define HAVE_INT8_T 1
| #define HAVE_UINT8_T 1
| #define HAVE_INT16_T 1
| #define HAVE_UINT16_T 1
| #define HAVE_INT32_T 1
| /* end confdefs.h.  */
| #include <stdio.h>
| #ifdef HAVE_SYS_TYPES_H
| # include <sys/types.h>
| #endif
| #ifdef HAVE_SYS_STAT_H
| # include <sys/stat.h>
| #endif
| #ifdef STDC_HEADERS
| # include <stdlib.h>
| # include <stddef.h>
| #else
| # ifdef HAVE_STDLIB_H
| #  include <stdlib.h>
| # endif
| #endif
| #ifdef HAVE_STRING_H
| # if !defined STDC_HEADERS && defined HAVE_MEMORY_H
| #  include <memory.h>
| # endif
| # include <string.h>
| #endif
| #ifdef HAVE_STRINGS_H
| # include <strings.h>
| #endif
| #ifdef HAVE_INTTYPES_H
| # include <inttypes.h>
| #endif
| #ifdef HAVE_STDINT_H
| # include <stdint.h>
| #endif
| #ifdef HAVE_UNISTD_H
| # include <unistd.h>
| #endif
| int
| main ()
| {
| if (sizeof ((uint32_t)))
| 	    return 0;
|   ;
|   return 0;
| }
configure:4684: result: yes
configure:4693: checking for uint64_t
configure:4693: gcc -c -fPIC -Wall -pedantic -Wstrict-prototypes -O4 -fexpensive-optimizations -funroll-loops  conftest.c >&5
conftest.c:71:1: warning: function declaration isn't a prototype [-Wstrict-prototypes]
 main ()
 ^~~~
configure:4693: $? = 0
configure:4693: gcc -c -fPIC -Wall -pedantic -Wstrict-prototypes -O4 -fexpensive-optimizations -funroll-loops  conftest.c >&5
conftest.c:71:1: warning: function declaration isn't a prototype [-Wstrict-prototypes]
 main ()
 ^~~~
conftest.c: In function 'main':
conftest.c:73:23: error: expected expression before ')' token
 if (sizeof ((uint64_t)))
                       ^
configure:4693: $? = 1
configure: failed program was:
| /* confdefs.h */
| #define PACKAGE_NAME "libsrtp2"
| #define PACKAGE_TARNAME "libsrtp2"
| #define PACKAGE_VERSION "2.2.0"
| #define PACKAGE_STRING "libsrtp2 2.2.0"
| #define PACKAGE_BUGREPORT "https://github.com/cisco/libsrtp/issues"
| #define PACKAGE_URL ""
| #define STDC_HEADERS 1
| #define HAVE_SYS_TYPES_H 1
| #define HAVE_SYS_STAT_H 1
| #define HAVE_STDLIB_H 1
| #define HAVE_STRING_H 1
| #define HAVE_MEMORY_H 1
| #define HAVE_STRINGS_H 1
| #define HAVE_INTTYPES_H 1
| #define HAVE_STDINT_H 1
| #define HAVE_UNISTD_H 1
| #define CPU_CISC 1
| #define HAVE_X86 1
| #define STDC_HEADERS 1
| #define HAVE_UNISTD_H 1
| #define HAVE_BYTESWAP_H 1
| #define HAVE_STDINT_H 1
| #define HAVE_SYS_UIO_H 1
| #define HAVE_INTTYPES_H 1
| #define HAVE_SYS_TYPES_H 1
| #define HAVE_SYS_SOCKET_H 1
| #define HAVE_NETINET_IN_H 1
| #define HAVE_ARPA_INET_H 1
| #define HAVE_INT8_T 1
| #define HAVE_UINT8_T 1
| #define HAVE_INT16_T 1
| #define HAVE_UINT16_T 1
| #define HAVE_INT32_T 1
| #define HAVE_UINT32_T 1
| /* end confdefs.h.  */
| #include <stdio.h>
| #ifdef HAVE_SYS_TYPES_H
| # include <sys/types.h>
| #endif
| #ifdef HAVE_SYS_STAT_H
| # include <sys/stat.h>
| #endif
| #ifdef STDC_HEADERS
| # include <stdlib.h>
| # include <stddef.h>
| #else
| # ifdef HAVE_STDLIB_H
| #  include <stdlib.h>
| # endif
| #endif
| #ifdef HAVE_STRING_H
| # if !defined STDC_HEADERS && defined HAVE_MEMORY_H
| #  include <memory.h>
| # endif
| # include <string.h>
| #endif
| #ifdef HAVE_STRINGS_H
| # include <strings.h>
| #endif
| #ifdef HAVE_INTTYPES_H
| # include <inttypes.h>
| #endif
| #ifdef HAVE_STDINT_H
| # include <stdint.h>
| #endif
| #ifdef HAVE_UNISTD_H
| # include <unistd.h>
| #endif
| int
| main ()
| {
| if (sizeof ((uint64_t)))
| 	    return 0;
|   ;
|   return 0;
| }
configure:4693: result: yes
configure:4707: checking size of unsigned long
configure:4712: gcc -o conftest -fPIC -Wall -pedantic -Wstrict-prototypes -O4 -fexpensive-optimizations -funroll-loops   conftest.c  >&5
conftest.c:71:17: warning: function declaration isn't a prototype [-Wstrict-prototypes]
 static long int longval () { return (long int) (sizeof (unsigned long)); }
                 ^~~~~~~
conftest.c:72:26: warning: function declaration isn't a prototype [-Wstrict-prototypes]
 static unsigned long int ulongval () { return (long int) (sizeof (unsigned long)); }
                          ^~~~~~~~
conftest.c:76:1: warning: function declaration isn't a prototype [-Wstrict-prototypes]
 main ()
 ^~~~
configure:4712: $? = 0
configure:4712: ./conftest
configure:4712: $? = 0
configure:4726: result: 8
configure:4740: checking size of unsigned long long
configure:4745: gcc -o conftest -fPIC -Wall -pedantic -Wstrict-prototypes -O4 -fexpensive-optimizations -funroll-loops   conftest.c  >&5
conftest.c:72:17: warning: function declaration isn't a prototype [-Wstrict-prototypes]
 static long int longval () { return (long int) (sizeof (unsigned long long)); }
                 ^~~~~~~
conftest.c:73:26: warning: function declaration isn't a prototype [-Wstrict-prototypes]
 static unsigned long int ulongval () { return (long int) (sizeof (unsigned long long)); }
                          ^~~~~~~~
conftest.c:77:1: warning: function declaration isn't a prototype [-Wstrict-prototypes]
 main ()
 ^~~~
configure:4745: $? = 0
configure:4745: ./conftest
configure:4745: $? = 0
configure:4759: result: 8
configure:4770: checking for an ANSI C-conforming const
configure:4836: gcc -c -fPIC -Wall -pedantic -Wstrict-prototypes -O4 -fexpensive-optimizations -funroll-loops  conftest.c >&5
conftest.c:42:1: warning: function declaration isn't a prototype [-Wstrict-prototypes]
 main ()
 ^~~~
configure:4836: $? = 0
configure:4843: result: yes
configure:4851: checking for inline
configure:4867: gcc -c -fPIC -Wall -pedantic -Wstrict-prototypes -O4 -fexpensive-optimizations -funroll-loops  conftest.c >&5
conftest.c:42:21: warning: function declaration isn't a prototype [-Wstrict-prototypes]
 static inline foo_t static_foo () {return 0; }
                     ^~~~~~~~~~
conftest.c:43:14: warning: function declaration isn't a prototype [-Wstrict-prototypes]
 inline foo_t foo () {return 0; }
              ^~~
configure:4867: $? = 0
configure:4875: result: inline
configure:4893: checking for size_t
configure:4893: gcc -c -fPIC -Wall -pedantic -Wstrict-prototypes -O4 -fexpensive-optimizations -funroll-loops  conftest.c >&5
conftest.c:74:1: warning: function declaration isn't a prototype [-Wstrict-prototypes]
 main ()
 ^~~~
configure:4893: $? = 0
configure:4893: gcc -c -fPIC -Wall -pedantic -Wstrict-prototypes -O4 -fexpensive-optimizations -funroll-loops  conftest.c >&5
conftest.c:74:1: warning: function declaration isn't a prototype [-Wstrict-prototypes]
 main ()
 ^~~~
conftest.c: In function 'main':
conftest.c:76:21: error: expected expression before ')' token
 if (sizeof ((size_t)))
                     ^
configure:4893: $? = 1
configure: failed program was:
| /* confdefs.h */
| #define PACKAGE_NAME "libsrtp2"
| #define PACKAGE_TARNAME "libsrtp2"
| #define PACKAGE_VERSION "2.2.0"
| #define PACKAGE_STRING "libsrtp2 2.2.0"
| #define PACKAGE_BUGREPORT "https://github.com/cisco/libsrtp/issues"
| #define PACKAGE_URL ""
| #define STDC_HEADERS 1
| #define HAVE_SYS_TYPES_H 1
| #define HAVE_SYS_STAT_H 1
| #define HAVE_STDLIB_H 1
| #define HAVE_STRING_H 1
| #define HAVE_MEMORY_H 1
| #define HAVE_STRINGS_H 1
| #define HAVE_INTTYPES_H 1
| #define HAVE_STDINT_H 1
| #define HAVE_UNISTD_H 1
| #define CPU_CISC 1
| #define HAVE_X86 1
| #define STDC_HEADERS 1
| #define HAVE_UNISTD_H 1
| #define HAVE_BYTESWAP_H 1
| #define HAVE_STDINT_H 1
| #define HAVE_SYS_UIO_H 1
| #define HAVE_INTTYPES_H 1
| #define HAVE_SYS_TYPES_H 1
| #define HAVE_SYS_SOCKET_H 1
| #define HAVE_NETINET_IN_H 1
| #define HAVE_ARPA_INET_H 1
| #define HAVE_INT8_T 1
| #define HAVE_UINT8_T 1
| #define HAVE_INT16_T 1
| #define HAVE_UINT16_T 1
| #define HAVE_INT32_T 1
| #define HAVE_UINT32_T 1
| #define HAVE_UINT64_T 1
| #define SIZEOF_UNSIGNED_LONG 8
| #define SIZEOF_UNSIGNED_LONG_LONG 8
| /* end confdefs.h.  */
| #include <stdio.h>
| #ifdef HAVE_SYS_TYPES_H
| # include <sys/types.h>
| #endif
| #ifdef HAVE_SYS_STAT_H
| # include <sys/stat.h>
| #endif
| #ifdef STDC_HEADERS
| # include <stdlib.h>
| # include <stddef.h>
| #else
| # ifdef HAVE_STDLIB_H
| #  include <stdlib.h>
| # endif
| #endif
| #ifdef HAVE_STRING_H
| # if !defined STDC_HEADERS && defined HAVE_MEMORY_H
| #  include <memory.h>
| # endif
| # include <string.h>
| #endif
| #ifdef HAVE_STRINGS_H
| # include <strings.h>
| #endif
| #ifdef HAVE_INTTYPES_H
| # include <inttypes.h>
| #endif
| #ifdef HAVE_STDINT_H
| # include <stdint.h>
| #endif
| #ifdef HAVE_UNISTD_H
| # include <unistd.h>
| #endif
| int
| main ()
| {
| if (sizeof ((size_t)))
| 	    return 0;
|   ;
|   return 0;
| }
configure:4893: result: yes
configure:4908: checking for socket
configure:4908: gcc -o conftest -fPIC -Wall -pedantic -Wstrict-prototypes -O4 -fexpensive-optimizations -funroll-loops   conftest.c  >&5
conftest.c:63:1: warning: function declaration isn't a prototype [-Wstrict-prototypes]
 char socket ();
 ^~~~
conftest.c:72:1: warning: function declaration isn't a prototype [-Wstrict-prototypes]
 main ()
 ^~~~
configure:4908: $? = 0
configure:4908: result: yes
configure:4908: checking for inet_aton
configure:4908: gcc -o conftest -fPIC -Wall -pedantic -Wstrict-prototypes -O4 -fexpensive-optimizations -funroll-loops   conftest.c  >&5
conftest.c:64:1: warning: function declaration isn't a prototype [-Wstrict-prototypes]
 char inet_aton ();
 ^~~~
conftest.c:73:1: warning: function declaration isn't a prototype [-Wstrict-prototypes]
 main ()
 ^~~~
configure:4908: $? = 0
configure:4908: result: yes
configure:4908: checking for usleep
configure:4908: gcc -o conftest -fPIC -Wall -pedantic -Wstrict-prototypes -O4 -fexpensive-optimizations -funroll-loops   conftest.c  >&5
conftest.c:65:1: warning: function declaration isn't a prototype [-Wstrict-prototypes]
 char usleep ();
 ^~~~
conftest.c:74:1: warning: function declaration isn't a prototype [-Wstrict-prototypes]
 main ()
 ^~~~
configure:4908: $? = 0
configure:4908: result: yes
configure:4908: checking for sigaction
configure:4908: gcc -o conftest -fPIC -Wall -pedantic -Wstrict-prototypes -O4 -fexpensive-optimizations -funroll-loops   conftest.c  >&5
conftest.c:66:1: warning: function declaration isn't a prototype [-Wstrict-prototypes]
 char sigaction ();
 ^~~~
conftest.c:75:1: warning: function declaration isn't a prototype [-Wstrict-prototypes]
 main ()
 ^~~~
configure:4908: $? = 0
configure:4908: result: yes
configure:4995: checking whether to enable debug logging in all modules
configure:5009: result: no
configure:5066: checking for pkg-config
configure:5084: found /usr/bin/pkg-config
configure:5096: result: /usr/bin/pkg-config
configure:5121: checking pkg-config is at least version 0.9.0
configure:5124: result: yes
configure:5136: checking whether to leverage OpenSSL crypto
configure:5145: result: no
configure:5654: checking for pcap_create in -lpcap
configure:5679: gcc -o conftest -fPIC -Wall -pedantic -Wstrict-prototypes -O4 -fexpensive-optimizations -funroll-loops   conftest.c -lpcap   >&5
conftest.c:51:1: warning: function declaration isn't a prototype [-Wstrict-prototypes]
 char pcap_create ();
 ^~~~
conftest.c:53:1: warning: function declaration isn't a prototype [-Wstrict-prototypes]
 main ()
 ^~~~
/usr/bin/ld: cannot find -lpcap
collect2: error: ld returned 1 exit status
configure:5679: $? = 1
configure: failed program was:
| /* confdefs.h */
| #define PACKAGE_NAME "libsrtp2"
| #define PACKAGE_TARNAME "libsrtp2"
| #define PACKAGE_VERSION "2.2.0"
| #define PACKAGE_STRING "libsrtp2 2.2.0"
| #define PACKAGE_BUGREPORT "https://github.com/cisco/libsrtp/issues"
| #define PACKAGE_URL ""
| #define STDC_HEADERS 1
| #define HAVE_SYS_TYPES_H 1
| #define HAVE_SYS_STAT_H 1
| #define HAVE_STDLIB_H 1
| #define HAVE_STRING_H 1
| #define HAVE_MEMORY_H 1
| #define HAVE_STRINGS_H 1
| #define HAVE_INTTYPES_H 1
| #define HAVE_STDINT_H 1
| #define HAVE_UNISTD_H 1
| #define CPU_CISC 1
| #define HAVE_X86 1
| #define STDC_HEADERS 1
| #define HAVE_UNISTD_H 1
| #define HAVE_BYTESWAP_H 1
| #define HAVE_STDINT_H 1
| #define HAVE_SYS_UIO_H 1
| #define HAVE_INTTYPES_H 1
| #define HAVE_SYS_TYPES_H 1
| #define HAVE_SYS_SOCKET_H 1
| #define HAVE_NETINET_IN_H 1
| #define HAVE_ARPA_INET_H 1
| #define HAVE_INT8_T 1
| #define HAVE_UINT8_T 1
| #define HAVE_INT16_T 1
| #define HAVE_UINT16_T 1
| #define HAVE_INT32_T 1
| #define HAVE_UINT32_T 1
| #define HAVE_UINT64_T 1
| #define SIZEOF_UNSIGNED_LONG 8
| #define SIZEOF_UNSIGNED_LONG_LONG 8
| #define HAVE_SOCKET 1
| #define HAVE_INET_ATON 1
| #define HAVE_USLEEP 1
| #define HAVE_SIGACTION 1
| /* end confdefs.h.  */
| 
| /* Override any GCC internal prototype to avoid an error.
|    Use char because int might match the return type of a GCC
|    builtin and then its argument prototype would still apply.  */
| #ifdef __cplusplus
| extern "C"
| #endif
| char pcap_create ();
| int
| main ()
| {
| return pcap_create ();
|   ;
|   return 0;
| }
configure:5688: result: no
configure:5700: checking for pcap_create in -lwpcap
configure:5725: gcc -o conftest -fPIC -Wall -pedantic -Wstrict-prototypes -O4 -fexpensive-optimizations -funroll-loops   conftest.c -lwpcap   >&5
conftest.c:51:1: warning: function declaration isn't a prototype [-Wstrict-prototypes]
 char pcap_create ();
 ^~~~
conftest.c:53:1: warning: function declaration isn't a prototype [-Wstrict-prototypes]
 main ()
 ^~~~
/usr/bin/ld: cannot find -lwpcap
collect2: error: ld returned 1 exit status
configure:5725: $? = 1
configure: failed program was:
| /* confdefs.h */
| #define PACKAGE_NAME "libsrtp2"
| #define PACKAGE_TARNAME "libsrtp2"
| #define PACKAGE_VERSION "2.2.0"
| #define PACKAGE_STRING "libsrtp2 2.2.0"
| #define PACKAGE_BUGREPORT "https://github.com/cisco/libsrtp/issues"
| #define PACKAGE_URL ""
| #define STDC_HEADERS 1
| #define HAVE_SYS_TYPES_H 1
| #define HAVE_SYS_STAT_H 1
| #define HAVE_STDLIB_H 1
| #define HAVE_STRING_H 1
| #define HAVE_MEMORY_H 1
| #define HAVE_STRINGS_H 1
| #define HAVE_INTTYPES_H 1
| #define HAVE_STDINT_H 1
| #define HAVE_UNISTD_H 1
| #define CPU_CISC 1
| #define HAVE_X86 1
| #define STDC_HEADERS 1
| #define HAVE_UNISTD_H 1
| #define HAVE_BYTESWAP_H 1
| #define HAVE_STDINT_H 1
| #define HAVE_SYS_UIO_H 1
| #define HAVE_INTTYPES_H 1
| #define HAVE_SYS_TYPES_H 1
| #define HAVE_SYS_SOCKET_H 1
| #define HAVE_NETINET_IN_H 1
| #define HAVE_ARPA_INET_H 1
| #define HAVE_INT8_T 1
| #define HAVE_UINT8_T 1
| #define HAVE_INT16_T 1
| #define HAVE_UINT16_T 1
| #define HAVE_INT32_T 1
| #define HAVE_UINT32_T 1
| #define HAVE_UINT64_T 1
| #define SIZEOF_UNSIGNED_LONG 8
| #define SIZEOF_UNSIGNED_LONG_LONG 8
| #define HAVE_SOCKET 1
| #define HAVE_INET_ATON 1
| #define HAVE_USLEEP 1
| #define HAVE_SIGACTION 1
| /* end confdefs.h.  */
| 
| /* Override any GCC internal prototype to avoid an error.
|    Use char because int might match the return type of a GCC
|    builtin and then its argument prototype would still apply.  */
| #ifdef __cplusplus
| extern "C"
| #endif
| char pcap_create ();
| int
| main ()
| {
| return pcap_create ();
|   ;
|   return 0;
| }
configure:5734: result: no
configure:5747: checking whether to redirect logging to stdout
configure:5761: result: no
configure:5764: checking wheather to use a file for logging
configure:5794: result: no
configure:5806: checking for extra C compiler flags
configure:5817: result: no
configure:5941: creating ./config.status

## ---------------------- ##
## Running config.status. ##
## ---------------------- ##

This file was extended by libsrtp2 config.status 2.2.0, which was
generated by GNU Autoconf 2.69.  Invocation command line was

  CONFIG_FILES    = 
  CONFIG_HEADERS  = 
  CONFIG_LINKS    = 
  CONFIG_COMMANDS = 
  $ ./config.status 

on hcss-ecs-2927

config.status:854: creating Makefile
config.status:854: creating crypto/Makefile
config.status:854: creating doc/Makefile
config.status:854: creating libsrtp2.pc
config.status:854: creating crypto/include/config.h

## ---------------- ##
## Cache variables. ##
## ---------------- ##

ac_cv_build=x86_64-pc-linux-gnu
ac_cv_c_bigendian=no
ac_cv_c_compiler_gnu=yes
ac_cv_c_const=yes
ac_cv_c_inline=inline
ac_cv_env_CC_set=
ac_cv_env_CC_value=
ac_cv_env_CFLAGS_set=
ac_cv_env_CFLAGS_value=
ac_cv_env_CPPFLAGS_set=
ac_cv_env_CPPFLAGS_value=
ac_cv_env_CPP_set=
ac_cv_env_CPP_value=
ac_cv_env_EXTRA_CFLAGS_set=
ac_cv_env_EXTRA_CFLAGS_value=
ac_cv_env_LDFLAGS_set=
ac_cv_env_LDFLAGS_value=
ac_cv_env_LIBS_set=
ac_cv_env_LIBS_value=
ac_cv_env_PKG_CONFIG_LIBDIR_set=
ac_cv_env_PKG_CONFIG_LIBDIR_value=
ac_cv_env_PKG_CONFIG_PATH_set=
ac_cv_env_PKG_CONFIG_PATH_value=
ac_cv_env_PKG_CONFIG_set=
ac_cv_env_PKG_CONFIG_value=
ac_cv_env_build_alias_set=
ac_cv_env_build_alias_value=
ac_cv_env_crypto_CFLAGS_set=
ac_cv_env_crypto_CFLAGS_value=
ac_cv_env_crypto_LIBS_set=
ac_cv_env_crypto_LIBS_value=
ac_cv_env_host_alias_set=
ac_cv_env_host_alias_value=
ac_cv_env_target_alias_set=
ac_cv_env_target_alias_value=
ac_cv_func_inet_aton=yes
ac_cv_func_sigaction=yes
ac_cv_func_socket=yes
ac_cv_func_usleep=yes
ac_cv_header_arpa_inet_h=yes
ac_cv_header_byteswap_h=yes
ac_cv_header_inttypes_h=yes
ac_cv_header_machine_types_h=no
ac_cv_header_memory_h=yes
ac_cv_header_netinet_in_h=yes
ac_cv_header_stdc=yes
ac_cv_header_stdint_h=yes
ac_cv_header_stdlib_h=yes
ac_cv_header_string_h=yes
ac_cv_header_strings_h=yes
ac_cv_header_sys_int_types_h=no
ac_cv_header_sys_socket_h=yes
ac_cv_header_sys_stat_h=yes
ac_cv_header_sys_types_h=yes
ac_cv_header_sys_uio_h=yes
ac_cv_header_unistd_h=yes
ac_cv_header_windows_h=no
ac_cv_host=x86_64-pc-linux-gnu
ac_cv_lib_pcap_pcap_create=no
ac_cv_lib_wpcap_pcap_create=no
ac_cv_objext=o
ac_cv_path_EGREP='/usr/bin/grep -E'
ac_cv_path_GREP=/usr/bin/grep
ac_cv_path_SED=/usr/bin/sed
ac_cv_path_ac_pt_PKG_CONFIG=/usr/bin/pkg-config
ac_cv_path_install='/usr/bin/install -c'
ac_cv_prog_CPP='gcc -E'
ac_cv_prog_ac_ct_AR=ar
ac_cv_prog_ac_ct_CC=gcc
ac_cv_prog_ac_ct_RANLIB=ranlib
ac_cv_prog_cc_c89=
ac_cv_prog_cc_g=yes
ac_cv_sizeof_unsigned_long=8
ac_cv_sizeof_unsigned_long_long=8
ac_cv_type_int16_t=yes
ac_cv_type_int32_t=yes
ac_cv_type_int8_t=yes
ac_cv_type_size_t=yes
ac_cv_type_uint16_t=yes
ac_cv_type_uint32_t=yes
ac_cv_type_uint64_t=yes
ac_cv_type_uint8_t=yes
am_cv_ar_interface=ar

## ----------------- ##
## Output variables. ##
## ----------------- ##

AES_ICM_OBJS='crypto/cipher/aes_icm.o crypto/cipher/aes.o'
AR='ar'
CC='gcc'
CFLAGS='-fPIC -Wall -pedantic -Wstrict-prototypes -O4 -fexpensive-optimizations -funroll-loops'
CPP='gcc -E'
CPPFLAGS=''
DEFS='-DHAVE_CONFIG_H'
ECHO_C=''
ECHO_N='-n'
ECHO_T=''
EGREP='/usr/bin/grep -E'
EXE=''
EXEEXT=''
EXTRA_CFLAGS=''
GREP='/usr/bin/grep'
HAVE_PCAP=''
HMAC_OBJS='crypto/hash/hmac.o crypto/hash/sha1.o'
INSTALL_DATA='${INSTALL} -m 644'
INSTALL_PROGRAM='${INSTALL}'
INSTALL_SCRIPT='${INSTALL}'
LDFLAGS=''
LIBOBJS=''
LIBS=''
LTLIBOBJS=''
OBJEXT='o'
PACKAGE_BUGREPORT='https://github.com/cisco/libsrtp/issues'
PACKAGE_NAME='libsrtp2'
PACKAGE_STRING='libsrtp2 2.2.0'
PACKAGE_TARNAME='libsrtp2'
PACKAGE_URL=''
PACKAGE_VERSION='2.2.0'
PATH_SEPARATOR=':'
PCAP_LIB=''
PKG_CONFIG='/usr/bin/pkg-config --static'
PKG_CONFIG_LIBDIR=''
PKG_CONFIG_PATH=''
RANLIB='ranlib'
SED='/usr/bin/sed'
SHELL='/bin/sh'
USE_OPENSSL=''
ac_ct_AR='ar'
ac_ct_CC='gcc'
bindir='${exec_prefix}/bin'
build='x86_64-pc-linux-gnu'
build_alias=''
build_cpu='x86_64'
build_os='linux-gnu'
build_vendor='pc'
crypto_CFLAGS=''
crypto_LIBS=''
datadir='${datarootdir}'
datarootdir='${prefix}/share'
docdir='${datarootdir}/doc/${PACKAGE_TARNAME}'
dvidir='${docdir}'
exec_prefix='${prefix}'
host='x86_64-pc-linux-gnu'
host_alias=''
host_cpu='x86_64'
host_os='linux-gnu'
host_vendor='pc'
htmldir='${docdir}'
includedir='${prefix}/include'
infodir='${datarootdir}/info'
libdir='${exec_prefix}/lib'
libexecdir='${exec_prefix}/libexec'
localedir='${datarootdir}/locale'
localstatedir='${prefix}/var'
mandir='${datarootdir}/man'
oldincludedir='/usr/include'
pdfdir='${docdir}'
prefix='/home/lym/XRTCServer/LYMSDK/lrtcserver/thirdpart/libsrtp/install'
program_transform_name='s,x,x,'
psdir='${docdir}'
runstatedir='${localstatedir}/run'
sbindir='${exec_prefix}/sbin'
sharedstatedir='${prefix}/com'
sysconfdir='${prefix}/etc'
target_alias=''

## ----------- ##
## confdefs.h. ##
## ----------- ##

/* confdefs.h */
#define PACKAGE_NAME "libsrtp2"
#define PACKAGE_TARNAME "libsrtp2"
#define PACKAGE_VERSION "2.2.0"
#define PACKAGE_STRING "libsrtp2 2.2.0"
#define PACKAGE_BUGREPORT "https://github.com/cisco/libsrtp/issues"
#define PACKAGE_URL ""
#define STDC_HEADERS 1
#define HAVE_SYS_TYPES_H 1
#define HAVE_SYS_STAT_H 1
#define HAVE_STDLIB_H 1
#define HAVE_STRING_H 1
#define HAVE_MEMORY_H 1
#define HAVE_STRINGS_H 1
#define HAVE_INTTYPES_H 1
#define HAVE_STDINT_H 1
#define HAVE_UNISTD_H 1
#define CPU_CISC 1
#define HAVE_X86 1
#define STDC_HEADERS 1
#define HAVE_UNISTD_H 1
#define HAVE_BYTESWAP_H 1
#define HAVE_STDINT_H 1
#define HAVE_SYS_UIO_H 1
#define HAVE_INTTYPES_H 1
#define HAVE_SYS_TYPES_H 1
#define HAVE_SYS_SOCKET_H 1
#define HAVE_NETINET_IN_H 1
#define HAVE_ARPA_INET_H 1
#define HAVE_INT8_T 1
#define HAVE_UINT8_T 1
#define HAVE_INT16_T 1
#define HAVE_UINT16_T 1
#define HAVE_INT32_T 1
#define HAVE_UINT32_T 1
#define HAVE_UINT64_T 1
#define SIZEOF_UNSIGNED_LONG 8
#define SIZEOF_UNSIGNED_LONG_LONG 8
#define HAVE_SOCKET 1
#define HAVE_INET_ATON 1
#define HAVE_USLEEP 1
#define HAVE_SIGACTION 1

configure: exit 0
