DEBUG [1970-01-07 03:46:55.448] [000:000] [289623] (main.cpp:88): hello world log_to_stderr=1 log_level=debug log_dir=./log log_name=lrtcserver
INFO [1970-01-07 03:46:55.448] [000:000] [289623] (signaling_server.cpp:40): signaling server constructor
INFO [1970-01-07 03:46:55.448] [000:000] [289623] (signaling_server.cpp:73): signaling server init
INFO [1970-01-07 03:46:55.455] [000:007] [289623] (signaling_server.cpp:86): signaling server conf = host: 127.0.0.1
port: 9000
worker_num: 2
connection_timeout: 5000 options_.host = 127.0.0.1 options_.port = 9000
INFO [1970-01-07 03:46:55.456] [000:008] [289623] (socket.cpp:57): Server listening on port 9000...
INFO [1970-01-07 03:46:55.456] [000:008] [289623] (signaling_server.cpp:218): signaling server create worker worker_id: 0
INFO [1970-01-07 03:46:55.456] [000:008] [289623] (signaling_work.cpp:34): signaling worker init worker id :0
INFO [1970-01-07 03:46:55.456] [000:008] [289623] (signaling_work.cpp:52): signaling worker start worker id :0
INFO [1970-01-07 03:46:55.456] [000:008] [289623] (signaling_server.cpp:218): signaling server create worker worker_id: 1
INFO [1970-01-07 03:46:55.456] [000:008] [289623] (signaling_work.cpp:34): signaling worker init worker id :1
INFO [1970-01-07 03:46:55.456] [000:008] [289623] (signaling_work.cpp:52): signaling worker start worker id :1
INFO [1970-01-07 03:46:55.456] [000:008] [289623] (signaling_server.cpp:135): signaling server start
INFO [1970-01-07 03:46:55.456] [000:008] [289623] (signaling_server.cpp:258): signaling server joined
INFO [1970-01-07 03:46:55.456] [000:008] [289627] (signaling_server.cpp:146): signaling server event loop run
INFO [1970-01-07 03:46:55.456] [000:008] [289625] (signaling_work.cpp:63): signaling worker event loop run
INFO [1970-01-07 03:46:55.456] [000:008] [289626] (signaling_work.cpp:63): signaling worker event loop run
DEBUG [1970-01-07 04:04:55.598] [000:000] [300563] (main.cpp:88): hello world log_to_stderr=1 log_level=debug log_dir=./log log_name=lrtcserver
INFO [1970-01-07 04:04:55.598] [000:000] [300563] (signaling_server.cpp:42): signaling server constructor
INFO [1970-01-07 04:04:55.598] [000:000] [300563] (signaling_server.cpp:75): signaling server init
INFO [1970-01-07 04:04:55.600] [000:002] [300563] (signaling_server.cpp:88): signaling server conf = host: 127.0.0.1
port: 9000
worker_num: 2
connection_timeout: 5000 options_.host = 127.0.0.1 options_.port = 9000
INFO [1970-01-07 04:04:55.600] [000:002] [300563] (socket.cpp:57): Server listening on port 9000...
INFO [1970-01-07 04:04:55.600] [000:002] [300563] (signaling_server.cpp:220): signaling server create worker worker_id: 0
INFO [1970-01-07 04:04:55.600] [000:002] [300563] (signaling_work.cpp:34): signaling worker init worker id :0
INFO [1970-01-07 04:04:55.600] [000:002] [300563] (signaling_work.cpp:52): signaling worker start worker id :0
INFO [1970-01-07 04:04:55.600] [000:002] [300563] (signaling_server.cpp:220): signaling server create worker worker_id: 1
INFO [1970-01-07 04:04:55.600] [000:002] [300563] (signaling_work.cpp:34): signaling worker init worker id :1
INFO [1970-01-07 04:04:55.600] [000:002] [300563] (signaling_work.cpp:52): signaling worker start worker id :1
INFO [1970-01-07 04:04:55.600] [000:002] [300563] (signaling_server.cpp:137): signaling server start
INFO [1970-01-07 04:04:55.600] [000:002] [300563] (signaling_server.cpp:274): signaling server joined
INFO [1970-01-07 04:04:55.622] [000:024] [300566] (signaling_work.cpp:63): signaling worker event loop run
INFO [1970-01-07 04:04:55.622] [000:024] [300567] (signaling_work.cpp:63): signaling worker event loop run
INFO [1970-01-07 04:04:55.622] [000:024] [300568] (signaling_server.cpp:148): signaling server event loop run
DEBUG [1970-01-07 05:09:19.667] [000:000] [337858] (main.cpp:88): hello world log_to_stderr=1 log_level=debug log_dir=./log log_name=lrtcserver
INFO [1970-01-07 05:09:19.667] [000:000] [337858] (signaling_server.cpp:42): signaling server constructor
INFO [1970-01-07 05:09:19.667] [000:000] [337858] (signaling_server.cpp:75): signaling server init
INFO [1970-01-07 05:09:19.668] [000:001] [337858] (signaling_server.cpp:88): signaling server conf = host: 127.0.0.1
port: 9000
worker_num: 2
connection_timeout: 5000 options_.host = 127.0.0.1 options_.port = 9000
INFO [1970-01-07 05:09:19.668] [000:001] [337858] (socket.cpp:57): Server listening on port 9000...
INFO [1970-01-07 05:09:19.668] [000:001] [337858] (signaling_server.cpp:220): signaling server create worker worker_id: 0
INFO [1970-01-07 05:09:19.668] [000:001] [337858] (signaling_work.cpp:34): signaling worker init worker id :0
INFO [1970-01-07 05:09:19.668] [000:001] [337858] (signaling_work.cpp:52): signaling worker start worker id :0
INFO [1970-01-07 05:09:19.668] [000:001] [337858] (signaling_server.cpp:220): signaling server create worker worker_id: 1
INFO [1970-01-07 05:09:19.668] [000:001] [337858] (signaling_work.cpp:34): signaling worker init worker id :1
INFO [1970-01-07 05:09:19.668] [000:001] [337858] (signaling_work.cpp:52): signaling worker start worker id :1
INFO [1970-01-07 05:09:19.668] [000:001] [337858] (signaling_server.cpp:137): signaling server start
INFO [1970-01-07 05:09:19.668] [000:001] [337858] (signaling_server.cpp:274): signaling server joined
INFO [1970-01-07 05:09:19.669] [000:002] [337862] (signaling_work.cpp:63): signaling worker event loop run
INFO [1970-01-07 05:09:19.669] [000:002] [337861] (signaling_work.cpp:63): signaling worker event loop run
INFO [1970-01-07 05:09:19.669] [000:002] [337863] (signaling_server.cpp:148): signaling server event loop run
INFO [1970-01-07 05:18:04.111] [524:444] [337863] (signaling_server.cpp:14): accept new client
INFO [1970-01-07 05:18:04.111] [524:444] [337863] (socket.cpp:141): Connection accepted from 127.0.0.1:35912

INFO [1970-01-07 05:18:04.111] [524:444] [337863] (signaling_server.cpp:260): signaling server dispatch new conn fd:15
INFO [1970-01-07 05:18:04.111] [524:444] [337863] (signaling_work.cpp:100): signaling server notify new conn fd:15
DEBUG [1970-01-07 05:23:58.378] [000:000] [510079] (main.cpp:88): hello world log_to_stderr=1 log_level=debug log_dir=./log log_name=lrtcserver
INFO [1970-01-07 05:23:58.378] [000:000] [510079] (signaling_server.cpp:42): signaling server constructor
INFO [1970-01-07 05:23:58.378] [000:000] [510079] (signaling_server.cpp:75): signaling server init
INFO [1970-01-07 05:23:58.381] [000:003] [510079] (signaling_server.cpp:88): signaling server conf = host: 127.0.0.1
port: 9000
worker_num: 2
connection_timeout: 5000 options_.host = 127.0.0.1 options_.port = 9000
INFO [1970-01-07 05:23:58.381] [000:003] [510079] (socket.cpp:57): Server listening on port 9000...
INFO [1970-01-07 05:23:58.381] [000:003] [510079] (signaling_server.cpp:220): signaling server create worker worker_id: 0
INFO [1970-01-07 05:23:58.381] [000:003] [510079] (signaling_work.cpp:34): signaling worker init worker id :0
INFO [1970-01-07 05:23:58.381] [000:003] [510079] (signaling_work.cpp:52): signaling worker start worker id :0
INFO [1970-01-07 05:23:58.381] [000:003] [510079] (signaling_server.cpp:220): signaling server create worker worker_id: 1
INFO [1970-01-07 05:23:58.381] [000:003] [510079] (signaling_work.cpp:34): signaling worker init worker id :1
INFO [1970-01-07 05:23:58.381] [000:003] [510079] (signaling_work.cpp:52): signaling worker start worker id :1
INFO [1970-01-07 05:23:58.381] [000:003] [510079] (signaling_server.cpp:137): signaling server start
INFO [1970-01-07 05:23:58.381] [000:003] [510079] (signaling_server.cpp:274): signaling server joined
INFO [1970-01-07 05:23:58.397] [000:019] [510090] (signaling_server.cpp:148): signaling server event loop run
INFO [1970-01-07 05:23:58.397] [000:019] [510088] (signaling_work.cpp:63): signaling worker event loop run
INFO [1970-01-07 05:23:58.398] [000:020] [510089] (signaling_work.cpp:63): signaling worker event loop run
INFO [1970-01-07 05:24:08.805] [010:427] [510090] (signaling_server.cpp:14): accept new client
INFO [1970-01-07 05:24:08.805] [010:427] [510090] (socket.cpp:141): Connection accepted from 127.0.0.1:36052

INFO [1970-01-07 05:24:08.805] [010:427] [510090] (signaling_server.cpp:260): signaling server dispatch new conn fd:15
INFO [1970-01-07 05:24:08.805] [010:427] [510090] (signaling_work.cpp:100): signaling server notify new conn fd:15
DEBUG [1970-01-07 05:28:38.277] [000:000] [586499] (main.cpp:88): hello world log_to_stderr=1 log_level=debug log_dir=./log log_name=lrtcserver
INFO [1970-01-07 05:28:38.277] [000:000] [586499] (signaling_server.cpp:42): signaling server constructor
INFO [1970-01-07 05:28:38.277] [000:000] [586499] (signaling_server.cpp:75): signaling server init
INFO [1970-01-07 05:28:38.279] [000:002] [586499] (signaling_server.cpp:88): signaling server conf = host: 127.0.0.1
port: 9000
worker_num: 2
connection_timeout: 5000 options_.host = 127.0.0.1 options_.port = 9000
INFO [1970-01-07 05:28:38.279] [000:002] [586499] (socket.cpp:57): Server listening on port 9000...
INFO [1970-01-07 05:28:38.279] [000:002] [586499] (signaling_server.cpp:220): signaling server create worker worker_id: 0
INFO [1970-01-07 05:28:38.279] [000:002] [586499] (signaling_work.cpp:34): signaling worker init worker id :0
INFO [1970-01-07 05:28:38.279] [000:002] [586499] (signaling_work.cpp:52): signaling worker start worker id :0
INFO [1970-01-07 05:28:38.279] [000:002] [586499] (signaling_server.cpp:220): signaling server create worker worker_id: 1
INFO [1970-01-07 05:28:38.279] [000:002] [586499] (signaling_work.cpp:34): signaling worker init worker id :1
INFO [1970-01-07 05:28:38.279] [000:003] [586499] (signaling_work.cpp:52): signaling worker start worker id :1
INFO [1970-01-07 05:28:38.280] [000:003] [586499] (signaling_server.cpp:137): signaling server start
INFO [1970-01-07 05:28:38.280] [000:003] [586499] (signaling_server.cpp:274): signaling server joined
INFO [1970-01-07 05:28:38.288] [000:011] [586513] (signaling_work.cpp:63): signaling worker event loop run
INFO [1970-01-07 05:28:38.288] [000:011] [586514] (signaling_server.cpp:148): signaling server event loop run
INFO [1970-01-07 05:28:38.288] [000:011] [586512] (signaling_work.cpp:63): signaling worker event loop run
INFO [1970-01-07 05:28:56.696] [018:419] [586514] (signaling_server.cpp:14): accept new client
INFO [1970-01-07 05:28:56.696] [018:419] [586514] (socket.cpp:141): Connection accepted from 127.0.0.1:36162

INFO [1970-01-07 05:28:56.696] [018:419] [586514] (signaling_server.cpp:260): signaling server dispatch new conn fd:15
INFO [1970-01-07 05:28:56.696] [018:419] [586514] (signaling_work.cpp:100): signaling server notify new conn fd:15
INFO [1970-01-07 05:28:56.696] [018:419] [586514] (signaling_work.cpp:107): signaling worker notify msg:1
INFO [1970-01-07 05:28:56.697] [018:420] [586512] (signaling_work.cpp:113): signaling server notify msg:1
INFO [1970-01-07 05:28:56.697] [018:420] [586512] (signaling_work.cpp:153): signaling server _accept_new_connection fd:15, work_id : 0
INFO [1970-01-07 05:28:56.697] [018:420] [586512] (signaling_work.cpp:126): signaling server _accept_new_connection fd:15
